slurmstepd: error: Unable to get current working directory: No such file or directory

The following modules were not unloaded:
   (Use "module --force purge" to unload all):

  1) slurm/blanca

                            < M A T L A B (R) >
                  Copyright 1984-2017 The MathWorks, Inc.
                   R2017b (9.3.0.713579) 64-bit (glnxa64)
                             September 14, 2017

 
To get started, type one of these: helpwin, helpdesk, or demo.
For product information, visit www.mathworks.com.
 
Running hello...
Hello, World
     1     1     1     1     1     1     1     1     1     1
     2     2     2     2     2     2     2     2     2     2
     3     3     3     3     3     3     3     3     3     3
     4     4     4     4     4     4     4     4     4     4
     5     5     5     5     5     5     5     5     5     5
     6     6     6     6     6     6     6     6     6     6
     7     7     7     7     7     7     7     7     7     7
     8     8     8     8     8     8     8     8     8     8
     9     9     9     9     9     9     9     9     9     9
    10    10    10    10    10    10    10    10    10    10

