
The following modules were not unloaded:
   (Use "module --force purge" to unload all):

  1) slurm/blanca

                            < M A T L A B (R) >
                  Copyright 1984-2017 The MathWorks, Inc.
                   R2017b (9.3.0.713579) 64-bit (glnxa64)
                             September 14, 2017

 
To get started, type one of these: helpwin, helpdesk, or demo.
For product information, visit www.mathworks.com.
 
Running hello...
Hello, World
Solving KP eqtn.
 Time interval:  [0,500]
Time = 0, inc = 1/501
Calculating 1 out of 500
Calculating 2 out of 500
Calculating 3 out of 500
Calculating 4 out of 500
Calculating 5 out of 500
Calculating 6 out of 500
Calculating 7 out of 500
Calculating 8 out of 500
Calculating 9 out of 500
Calculating 10 out of 500
Calculating 11 out of 500
Calculating 12 out of 500
Calculating 13 out of 500
Calculating 14 out of 500
Calculating 15 out of 500
Calculating 16 out of 500
Calculating 17 out of 500
Calculating 18 out of 500
Calculating 19 out of 500
Calculating 20 out of 500
Calculating 21 out of 500
Calculating 22 out of 500
Calculating 23 out of 500
Calculating 24 out of 500
Calculating 25 out of 500
Calculating 26 out of 500
Calculating 27 out of 500
Calculating 28 out of 500
Calculating 29 out of 500
Calculating 30 out of 500
Calculating 31 out of 500
Calculating 32 out of 500
Calculating 33 out of 500
Calculating 34 out of 500
Calculating 35 out of 500
Calculating 36 out of 500
Calculating 37 out of 500
Calculating 38 out of 500
Calculating 39 out of 500
Calculating 40 out of 500
Calculating 41 out of 500
Calculating 42 out of 500
Calculating 43 out of 500
Calculating 44 out of 500
Calculating 45 out of 500
Calculating 46 out of 500
Calculating 47 out of 500
Calculating 48 out of 500
Calculating 49 out of 500
Calculating 50 out of 500
Calculating 51 out of 500
Calculating 52 out of 500
Calculating 53 out of 500
Calculating 54 out of 500
Calculating 55 out of 500
Calculating 56 out of 500
Calculating 57 out of 500
Calculating 58 out of 500
Calculating 59 out of 500
Calculating 60 out of 500
Calculating 61 out of 500
Calculating 62 out of 500
Calculating 63 out of 500
Calculating 64 out of 500
Calculating 65 out of 500
Calculating 66 out of 500
Calculating 67 out of 500
Calculating 68 out of 500
Calculating 69 out of 500
Calculating 70 out of 500
Calculating 71 out of 500
Calculating 72 out of 500
Calculating 73 out of 500
Calculating 74 out of 500
Calculating 75 out of 500
Calculating 76 out of 500
Calculating 77 out of 500
Calculating 78 out of 500
Calculating 79 out of 500
Calculating 80 out of 500
Calculating 81 out of 500
Calculating 82 out of 500
Calculating 83 out of 500
Calculating 84 out of 500
Calculating 85 out of 500
Calculating 86 out of 500
Calculating 87 out of 500
Calculating 88 out of 500
Calculating 89 out of 500
Calculating 90 out of 500
Calculating 91 out of 500
Calculating 92 out of 500
Calculating 93 out of 500
Calculating 94 out of 500
Calculating 95 out of 500
Calculating 96 out of 500
Calculating 97 out of 500
Calculating 98 out of 500
Calculating 99 out of 500
Calculating 100 out of 500
Calculating 101 out of 500
Calculating 102 out of 500
Calculating 103 out of 500
Calculating 104 out of 500
Calculating 105 out of 500
Calculating 106 out of 500
Calculating 107 out of 500
Calculating 108 out of 500
Calculating 109 out of 500
Calculating 110 out of 500
Calculating 111 out of 500
Calculating 112 out of 500
Calculating 113 out of 500
Calculating 114 out of 500
Calculating 115 out of 500
Calculating 116 out of 500
Calculating 117 out of 500
Calculating 118 out of 500
Calculating 119 out of 500
Calculating 120 out of 500
Calculating 121 out of 500
Calculating 122 out of 500
Calculating 123 out of 500
Calculating 124 out of 500
Calculating 125 out of 500
Calculating 126 out of 500
Calculating 127 out of 500
Calculating 128 out of 500
Calculating 129 out of 500
Calculating 130 out of 500
Calculating 131 out of 500
Calculating 132 out of 500
Calculating 133 out of 500
Calculating 134 out of 500
Calculating 135 out of 500
Calculating 136 out of 500
Calculating 137 out of 500
Calculating 138 out of 500
Calculating 139 out of 500
Calculating 140 out of 500
Calculating 141 out of 500
Calculating 142 out of 500
Calculating 143 out of 500
Calculating 144 out of 500
Calculating 145 out of 500
Calculating 146 out of 500
Calculating 147 out of 500
Calculating 148 out of 500
Calculating 149 out of 500
Calculating 150 out of 500
Calculating 151 out of 500
Calculating 152 out of 500
Calculating 153 out of 500
Calculating 154 out of 500
Calculating 155 out of 500
Calculating 156 out of 500
Calculating 157 out of 500
Calculating 158 out of 500
Calculating 159 out of 500
Calculating 160 out of 500
Calculating 161 out of 500
Calculating 162 out of 500
Calculating 163 out of 500
Calculating 164 out of 500
Calculating 165 out of 500
Calculating 166 out of 500
Calculating 167 out of 500
Calculating 168 out of 500
Calculating 169 out of 500
Calculating 170 out of 500
Calculating 171 out of 500
Calculating 172 out of 500
Calculating 173 out of 500
Calculating 174 out of 500
Calculating 175 out of 500
Calculating 176 out of 500
Calculating 177 out of 500
Calculating 178 out of 500
Calculating 179 out of 500
Calculating 180 out of 500
Calculating 181 out of 500
Calculating 182 out of 500
Calculating 183 out of 500
Calculating 184 out of 500
Calculating 185 out of 500
Calculating 186 out of 500
Calculating 187 out of 500
Calculating 188 out of 500
Calculating 189 out of 500
Calculating 190 out of 500
Calculating 191 out of 500
Calculating 192 out of 500
Calculating 193 out of 500
Calculating 194 out of 500
Calculating 195 out of 500
Calculating 196 out of 500
Calculating 197 out of 500
Calculating 198 out of 500
Calculating 199 out of 500
Calculating 200 out of 500
Calculating 201 out of 500
Calculating 202 out of 500
Calculating 203 out of 500
Calculating 204 out of 500
Calculating 205 out of 500
Calculating 206 out of 500
Calculating 207 out of 500
Calculating 208 out of 500
Calculating 209 out of 500
Calculating 210 out of 500
Calculating 211 out of 500
Calculating 212 out of 500
Calculating 213 out of 500
Calculating 214 out of 500
Calculating 215 out of 500
Calculating 216 out of 500
Calculating 217 out of 500
Calculating 218 out of 500
Calculating 219 out of 500
Calculating 220 out of 500
Calculating 221 out of 500
Calculating 222 out of 500
Calculating 223 out of 500
Calculating 224 out of 500
Calculating 225 out of 500
Calculating 226 out of 500
Calculating 227 out of 500
Calculating 228 out of 500
Calculating 229 out of 500
Calculating 230 out of 500
Calculating 231 out of 500
Calculating 232 out of 500
Calculating 233 out of 500
Calculating 234 out of 500
Calculating 235 out of 500
Calculating 236 out of 500
Calculating 237 out of 500
Calculating 238 out of 500
Calculating 239 out of 500
Calculating 240 out of 500
Calculating 241 out of 500
Calculating 242 out of 500
Calculating 243 out of 500
Calculating 244 out of 500
Calculating 245 out of 500
Calculating 246 out of 500
Calculating 247 out of 500
Calculating 248 out of 500
Calculating 249 out of 500
Calculating 250 out of 500
Calculating 251 out of 500
Calculating 252 out of 500
Calculating 253 out of 500
Calculating 254 out of 500
Calculating 255 out of 500
Calculating 256 out of 500
Calculating 257 out of 500
Calculating 258 out of 500
Calculating 259 out of 500
Calculating 260 out of 500
Calculating 261 out of 500
Calculating 262 out of 500
Calculating 263 out of 500
Calculating 264 out of 500
Calculating 265 out of 500
Calculating 266 out of 500
Calculating 267 out of 500
Calculating 268 out of 500
Calculating 269 out of 500
Calculating 270 out of 500
Calculating 271 out of 500
Calculating 272 out of 500
Calculating 273 out of 500
Calculating 274 out of 500
Calculating 275 out of 500
Calculating 276 out of 500
Calculating 277 out of 500
Calculating 278 out of 500
Calculating 279 out of 500
Calculating 280 out of 500
Calculating 281 out of 500
Calculating 282 out of 500
Calculating 283 out of 500
Calculating 284 out of 500
Calculating 285 out of 500
Calculating 286 out of 500
Calculating 287 out of 500
Calculating 288 out of 500
Calculating 289 out of 500
Calculating 290 out of 500
Calculating 291 out of 500
Calculating 292 out of 500
Calculating 293 out of 500
Calculating 294 out of 500
Calculating 295 out of 500
Calculating 296 out of 500
Calculating 297 out of 500
Calculating 298 out of 500
Calculating 299 out of 500
Calculating 300 out of 500
Calculating 301 out of 500
Calculating 302 out of 500
Calculating 303 out of 500
Calculating 304 out of 500
Calculating 305 out of 500
Calculating 306 out of 500
Calculating 307 out of 500
Calculating 308 out of 500
Calculating 309 out of 500
Calculating 310 out of 500
Calculating 311 out of 500
Calculating 312 out of 500
Calculating 313 out of 500
Calculating 314 out of 500
Calculating 315 out of 500
Calculating 316 out of 500
Calculating 317 out of 500
Calculating 318 out of 500
Calculating 319 out of 500
Calculating 320 out of 500
Calculating 321 out of 500
Calculating 322 out of 500
Calculating 323 out of 500
Calculating 324 out of 500
Calculating 325 out of 500
Calculating 326 out of 500
Calculating 327 out of 500
Calculating 328 out of 500
Calculating 329 out of 500
Calculating 330 out of 500
Calculating 331 out of 500
Calculating 332 out of 500
Calculating 333 out of 500
Calculating 334 out of 500
Calculating 335 out of 500
Calculating 336 out of 500
Calculating 337 out of 500
Calculating 338 out of 500
Calculating 339 out of 500
Calculating 340 out of 500
Calculating 341 out of 500
Calculating 342 out of 500
Calculating 343 out of 500
Calculating 344 out of 500
Calculating 345 out of 500
Calculating 346 out of 500
Calculating 347 out of 500
Calculating 348 out of 500
Calculating 349 out of 500
Calculating 350 out of 500
Calculating 351 out of 500
Calculating 352 out of 500
Calculating 353 out of 500
Calculating 354 out of 500
Calculating 355 out of 500
Calculating 356 out of 500
Calculating 357 out of 500
Calculating 358 out of 500
Calculating 359 out of 500
Calculating 360 out of 500
Calculating 361 out of 500
Calculating 362 out of 500
Calculating 363 out of 500
Calculating 364 out of 500
Calculating 365 out of 500
Calculating 366 out of 500
Calculating 367 out of 500
Calculating 368 out of 500
Calculating 369 out of 500
Calculating 370 out of 500
Calculating 371 out of 500
Calculating 372 out of 500
Calculating 373 out of 500
Calculating 374 out of 500
Calculating 375 out of 500
Calculating 376 out of 500
Calculating 377 out of 500
Calculating 378 out of 500
Calculating 379 out of 500
Calculating 380 out of 500
Calculating 381 out of 500
Calculating 382 out of 500
Calculating 383 out of 500
Calculating 384 out of 500
Calculating 385 out of 500
Calculating 386 out of 500
Calculating 387 out of 500
Calculating 388 out of 500
Calculating 389 out of 500
Calculating 390 out of 500
Calculating 391 out of 500
Calculating 392 out of 500
Calculating 393 out of 500
Calculating 394 out of 500
Calculating 395 out of 500
Calculating 396 out of 500
Calculating 397 out of 500
Calculating 398 out of 500
Calculating 399 out of 500
Calculating 400 out of 500
Calculating 401 out of 500
Calculating 402 out of 500
Calculating 403 out of 500
Calculating 404 out of 500
Calculating 405 out of 500
Calculating 406 out of 500
Calculating 407 out of 500
Calculating 408 out of 500
Calculating 409 out of 500
Calculating 410 out of 500
Calculating 411 out of 500
Calculating 412 out of 500
Calculating 413 out of 500
Calculating 414 out of 500
Calculating 415 out of 500
Calculating 416 out of 500
Calculating 417 out of 500
Calculating 418 out of 500
Calculating 419 out of 500
Calculating 420 out of 500
Calculating 421 out of 500
Calculating 422 out of 500
Calculating 423 out of 500
Calculating 424 out of 500
Calculating 425 out of 500
Calculating 426 out of 500
Calculating 427 out of 500
Calculating 428 out of 500
Calculating 429 out of 500
Calculating 430 out of 500
Calculating 431 out of 500
Calculating 432 out of 500
Calculating 433 out of 500
Calculating 434 out of 500
Calculating 435 out of 500
Calculating 436 out of 500
Calculating 437 out of 500
Calculating 438 out of 500
Calculating 439 out of 500
Calculating 440 out of 500
Calculating 441 out of 500
Calculating 442 out of 500
Calculating 443 out of 500
Calculating 444 out of 500
Calculating 445 out of 500
Calculating 446 out of 500
Calculating 447 out of 500
Calculating 448 out of 500
Calculating 449 out of 500
Calculating 450 out of 500
Calculating 451 out of 500
Calculating 452 out of 500
Calculating 453 out of 500
Calculating 454 out of 500
Calculating 455 out of 500
Calculating 456 out of 500
Calculating 457 out of 500
Calculating 458 out of 500
Calculating 459 out of 500
Calculating 460 out of 500
Calculating 461 out of 500
Calculating 462 out of 500
Calculating 463 out of 500
Calculating 464 out of 500
Calculating 465 out of 500
Calculating 466 out of 500
Calculating 467 out of 500
Calculating 468 out of 500
Calculating 469 out of 500
Calculating 470 out of 500
Calculating 471 out of 500
Calculating 472 out of 500
Calculating 473 out of 500
Calculating 474 out of 500
Calculating 475 out of 500
Calculating 476 out of 500
Calculating 477 out of 500
Calculating 478 out of 500
Calculating 479 out of 500
Calculating 480 out of 500
Calculating 481 out of 500
Calculating 482 out of 500
Calculating 483 out of 500
Calculating 484 out of 500
Calculating 485 out of 500
Calculating 486 out of 500
Calculating 487 out of 500
Calculating 488 out of 500
Calculating 489 out of 500
Calculating 490 out of 500
Calculating 491 out of 500
Calculating 492 out of 500
Calculating 493 out of 500
Calculating 494 out of 500
Calculating 495 out of 500
Calculating 496 out of 500
Calculating 497 out of 500
Calculating 498 out of 500
Calculating 499 out of 500
Calculating 500 out of 500
Calculation Finished
Computation time = 0d 6h 59m 15.1322s
{Undefined function or variable 'send_mail_message'.

Error in driver_KP_solver_vertical_segment (line 197)
    send_mail_message('mdmaide2','Matlab',['Simulation ',data_dir,'done'])
} 
>> slurmstepd: error: Exceeded step memory limit at some point.
