
The following modules were not unloaded:
   (Use "module --force purge" to unload all):

  1) slurm/blanca

                            < M A T L A B (R) >
                  Copyright 1984-2017 The MathWorks, Inc.
                   R2017b (9.3.0.713579) 64-bit (glnxa64)
                             September 14, 2017

 
To get started, type one of these: helpwin, helpdesk, or demo.
For product information, visit www.mathworks.com.
 
Running hello...
Hello, World
Solving KP eqtn.
 Time interval:  [0,2]
Time = 0, inc = 1/12
Calculating 1 out of 11
Calculating 2 out of 11
Calculating 3 out of 11
Calculating 4 out of 11
Calculating 5 out of 11
Calculating 6 out of 11
Calculating 7 out of 11
Calculating 8 out of 11
Calculating 9 out of 11
Calculating 10 out of 11
Calculating 11 out of 11
Calculation Finished
Computation time = 0d 0h 8m 18.3122s
Solving KP eqtn.
 Time interval:  [0,2]
Time = 0, inc = 1/12
Calculating 1 out of 11
Calculating 2 out of 11
Calculating 3 out of 11
Calculating 4 out of 11
Calculating 5 out of 11
Calculating 6 out of 11
Calculating 7 out of 11
Calculating 8 out of 11
Calculating 9 out of 11
Calculating 10 out of 11
Calculating 11 out of 11
Calculation Finished
Computation time = 0d 0h 1m 15.8503s
Solving KP eqtn.
 Time interval:  [0,2]
Time = 0, inc = 1/12
Calculating 1 out of 11
Calculating 2 out of 11
Calculating 3 out of 11
Calculating 4 out of 11
Calculating 5 out of 11
Calculating 6 out of 11
Calculating 7 out of 11
Calculating 8 out of 11
Calculating 9 out of 11
Calculating 10 out of 11
Calculating 11 out of 11
Calculation Finished
Computation time = 0d 0h 1m 24.1563s
Solving KP eqtn.
 Time interval:  [0,2]
Time = 0, inc = 1/12
Calculating 1 out of 11
Calculating 2 out of 11
Calculating 3 out of 11
Calculating 4 out of 11
Calculating 5 out of 11
Calculating 6 out of 11
Calculating 7 out of 11
Calculating 8 out of 11
Calculating 9 out of 11
Calculating 10 out of 11
Calculating 11 out of 11
Calculation Finished
Computation time = 0d 0h 1m 32.96s
Solving KP eqtn.
 Time interval:  [0,2]
Time = 0, inc = 1/12
Calculating 1 out of 11
Calculating 2 out of 11
Calculating 3 out of 11
Calculating 4 out of 11
Calculating 5 out of 11
Calculating 6 out of 11
Calculating 7 out of 11
Calculating 8 out of 11
Calculating 9 out of 11
Calculating 10 out of 11
Calculating 11 out of 11
Calculation Finished
Computation time = 0d 0h 1m 39.9296s
