
The following modules were not unloaded:
   (Use "module --force purge" to unload all):

  1) slurm/blanca

                            < M A T L A B (R) >
                  Copyright 1984-2017 The MathWorks, Inc.
                   R2017b (9.3.0.713579) 64-bit (glnxa64)
                             September 14, 2017

 
To get started, type one of these: helpwin, helpdesk, or demo.
For product information, visit www.mathworks.com.
 
Running hello...
Hello, World
Solving KP eqtn.
 Time interval:  [0,10]
Time = 0, inc = 1/11
Calculating 1 out of 10
Calculating 2 out of 10
Calculating 3 out of 10
Calculating 4 out of 10
Calculating 5 out of 10
Calculating 6 out of 10
Calculating 7 out of 10
Calculating 8 out of 10
Calculating 9 out of 10
Calculating 10 out of 10
Calculation Finished
Computation time = 0d 0h 14m 28.1444s
{Undefined function or variable 'send_mail_message'.

Error in driver_KP_solver_vertical_segment_sech_test (line 209)
    send_mail_message('mdmaide2','Matlab',['Simulation ',data_dir,'done'])
} 
>> 
