
The following modules were not unloaded:
   (Use "module --force purge" to unload all):

  1) slurm/blanca

                            < M A T L A B (R) >
                  Copyright 1984-2017 The MathWorks, Inc.
                   R2017b (9.3.0.713579) 64-bit (glnxa64)
                             September 14, 2017

 
To get started, type one of these: helpwin, helpdesk, or demo.
For product information, visit www.mathworks.com.
 
Running hello...
Hello, World

soli = 

  struct with fields:

     w: [1x1 gpuArray]
    tw: [1x1 gpuArray]

{Undefined function or variable 'dipw'.

Error in driver_KP_solver_vertical_segment_tanh_run (line 83)
        soli.dipw  = dipw;
} 
>> 
