
The following modules were not unloaded:
   (Use "module --force purge" to unload all):

  1) slurm/blanca

                            < M A T L A B (R) >
                  Copyright 1984-2017 The MathWorks, Inc.
                   R2017b (9.3.0.713579) 64-bit (glnxa64)
                             September 14, 2017

 
To get started, type one of these: helpwin, helpdesk, or demo.
For product information, visit www.mathworks.com.
 
Running hello...
Hello, World
Warning, directory /rc_scratch/mima6446/Numerics/KP/_tmax_10_Lx_800_Nx_1024_Ly_375_Ny_512_bndry_condns_periodic_init_condns__solikink__au_1_qu_0_ad_0_qd_0_x0_200_y0_0_sechtest_w_1/
already exists, possibly overwriting data
Solving KP eqtn.
 Time interval:  [0,10]
Time = 0, inc = 1/11
Calculating 1 out of 10
Calculating 2 out of 10
Calculating 3 out of 10
Calculating 4 out of 10
Calculating 5 out of 10
Calculating 6 out of 10
Calculating 7 out of 10
Calculating 8 out of 10
Calculating 9 out of 10
Calculating 10 out of 10
Calculation Finished
Computation time = 0d 0h 13m 55.7947s
Solving KP eqtn.
 Time interval:  [0,10]
Time = 0, inc = 1/11
Calculating 1 out of 10
Calculating 2 out of 10
Calculating 3 out of 10
Calculating 4 out of 10
Calculating 5 out of 10
Calculating 6 out of 10
Calculating 7 out of 10
Calculating 8 out of 10
Calculating 9 out of 10
Calculating 10 out of 10
Calculation Finished
Computation time = 0d 0h 9m 10.0982s
Solving KP eqtn.
 Time interval:  [0,10]
Time = 0, inc = 1/11
Calculating 1 out of 10
Calculating 2 out of 10
Calculating 3 out of 10
Calculating 4 out of 10
Calculating 5 out of 10
Calculating 6 out of 10
Calculating 7 out of 10
Calculating 8 out of 10
Calculating 9 out of 10
Calculating 10 out of 10
Calculation Finished
Computation time = 0d 0h 9m 40.7056s
Solving KP eqtn.
 Time interval:  [0,10]
Time = 0, inc = 1/11
Calculating 1 out of 10
Calculating 2 out of 10
Calculating 3 out of 10
Calculating 4 out of 10
Calculating 5 out of 10
Calculating 6 out of 10
Calculating 7 out of 10
Calculating 8 out of 10
Calculating 9 out of 10
Calculating 10 out of 10
Calculation Finished
Computation time = 0d 0h 10m 9.6986s
