
The following modules were not unloaded:
   (Use "module --force purge" to unload all):

  1) slurm/blanca

                            < M A T L A B (R) >
                  Copyright 1984-2017 The MathWorks, Inc.
                   R2017b (9.3.0.713579) 64-bit (glnxa64)
                             September 14, 2017

 
To get started, type one of these: helpwin, helpdesk, or demo.
For product information, visit www.mathworks.com.
 
Running hello...
Hello, World

soli = 

  struct with fields:

     w: [1x1 gpuArray]
    tw: [1x1 gpuArray]

Solving KP eqtn.
 Time interval:  [0,150]
Time = 0, inc = 1/151
Calculating 1 out of 150
Calculating 2 out of 150
Calculating 3 out of 150
Calculating 4 out of 150
Calculating 5 out of 150
Calculating 6 out of 150
Calculating 7 out of 150
Calculating 8 out of 150
Calculating 9 out of 150
Calculating 10 out of 150
Calculating 11 out of 150
Calculating 12 out of 150
Calculating 13 out of 150
Calculating 14 out of 150
Calculating 15 out of 150
Calculating 16 out of 150
Calculating 17 out of 150
Calculating 18 out of 150
Calculating 19 out of 150
Calculating 20 out of 150
Calculating 21 out of 150
Calculating 22 out of 150
Calculating 23 out of 150
Calculating 24 out of 150
Calculating 25 out of 150
Calculating 26 out of 150
Calculating 27 out of 150
Calculating 28 out of 150
Calculating 29 out of 150
Calculating 30 out of 150
Calculating 31 out of 150
Calculating 32 out of 150
Calculating 33 out of 150
Calculating 34 out of 150
Calculating 35 out of 150
Calculating 36 out of 150
Calculating 37 out of 150
Calculating 38 out of 150
Calculating 39 out of 150
Calculating 40 out of 150
Calculating 41 out of 150
Calculating 42 out of 150
Calculating 43 out of 150
Calculating 44 out of 150
Calculating 45 out of 150
Calculating 46 out of 150
Calculating 47 out of 150
Calculating 48 out of 150
Calculating 49 out of 150
Calculating 50 out of 150
Calculating 51 out of 150
Calculating 52 out of 150
Calculating 53 out of 150
Calculating 54 out of 150
Calculating 55 out of 150
Calculating 56 out of 150
Calculating 57 out of 150
Calculating 58 out of 150
Calculating 59 out of 150
Calculating 60 out of 150
Calculating 61 out of 150
Calculating 62 out of 150
Calculating 63 out of 150
Calculating 64 out of 150
Calculating 65 out of 150
Calculating 66 out of 150
Calculating 67 out of 150
Calculating 68 out of 150
Calculating 69 out of 150
Calculating 70 out of 150
Calculating 71 out of 150
Calculating 72 out of 150
Calculating 73 out of 150
Calculating 74 out of 150
Calculating 75 out of 150
Calculating 76 out of 150
Calculating 77 out of 150
Calculating 78 out of 150
Calculating 79 out of 150
Calculating 80 out of 150
Calculating 81 out of 150
Calculating 82 out of 150
Calculating 83 out of 150
Calculating 84 out of 150
Calculating 85 out of 150
Calculating 86 out of 150
Calculating 87 out of 150
Calculating 88 out of 150
Calculating 89 out of 150
Calculating 90 out of 150
Calculating 91 out of 150
Calculating 92 out of 150
Calculating 93 out of 150
Calculating 94 out of 150
Calculating 95 out of 150
Calculating 96 out of 150
Calculating 97 out of 150
Calculating 98 out of 150
Calculating 99 out of 150
Calculating 100 out of 150
Calculating 101 out of 150
Calculating 102 out of 150
Calculating 103 out of 150
Calculating 104 out of 150
Calculating 105 out of 150
Calculating 106 out of 150
Calculating 107 out of 150
Calculating 108 out of 150
Calculating 109 out of 150
Calculating 110 out of 150
Calculating 111 out of 150
Calculating 112 out of 150
Calculating 113 out of 150
Calculating 114 out of 150
Calculating 115 out of 150
Calculating 116 out of 150
Calculating 117 out of 150
Calculating 118 out of 150
Calculating 119 out of 150
Calculating 120 out of 150
Calculating 121 out of 150
Calculating 122 out of 150
Calculating 123 out of 150
Calculating 124 out of 150
Calculating 125 out of 150
Calculating 126 out of 150
Calculating 127 out of 150
Calculating 128 out of 150
Calculating 129 out of 150
Calculating 130 out of 150
Calculating 131 out of 150
Calculating 132 out of 150
Calculating 133 out of 150
Calculating 134 out of 150
Calculating 135 out of 150
Calculating 136 out of 150
Calculating 137 out of 150
Calculating 138 out of 150
Calculating 139 out of 150
Calculating 140 out of 150
Calculating 141 out of 150
Calculating 142 out of 150
Calculating 143 out of 150
Calculating 144 out of 150
Calculating 145 out of 150
Calculating 146 out of 150
Calculating 147 out of 150
Calculating 148 out of 150
Calculating 149 out of 150
Calculating 150 out of 150
Calculation Finished
Computation time = 0d 2h 29m 44.2576s
