
The following modules were not unloaded:
   (Use "module --force purge" to unload all):

  1) slurm/blanca

                            < M A T L A B (R) >
                  Copyright 1984-2017 The MathWorks, Inc.
                   R2017b (9.3.0.713579) 64-bit (glnxa64)
                             September 14, 2017

 
To get started, type one of these: helpwin, helpdesk, or demo.
For product information, visit www.mathworks.com.
 
Running hello...
Hello, World
Solving KP eqtn.
 Time interval:  [0,10]
Time = 0, inc = 1/11
Calculating 1 out of 10
{Error using .*
Matrix dimensions must agree.

Error in myRK4_KP2>RK4 (line 83)
    Va  = G( Ezero, Ezeroi.* Vhat          ,...

Error in myRK4_KP2 (line 35)
                Vnew = RK4(tmid(ii-1), tmid(ii)-tmid(ii-1), Vold, ...

Error in KP_solver_periodic (line 83)
    myRK4_KP2( Vhat_init, u0, dt, W,...

Error in driver_KP_solver_vertical_segment_sech_test (line 194)
            KP_solver_periodic( t, Lx, Nx, Nt,...
} 
>> 
